3 0 0 10898 10866
43 0 0 111358 110954
103 0 0 260916 277756
109 0 0 278950 275532
199 0 0 499932 496918
227 0 0 567720 566702
419 14 7 927284 1039492
491 14 8 1048384 1222546
569 14 10 1164240 1432688
631 14 11 1292240 1569390
677 16 10 1354698 1699296
857 16 13 1664550 2171694
859 16 13 1666950 2165976
883 20 11 1714210 2206862
1019 18 14 1914868 2571866
1171 22 13 2141964 2909050
1879 30 15 3003372 4850172
2713 32 21 3999778 6837360
4283 38 28 5876690 10815114
5 0 0 13996 13874
7 0 0 19770 19650
11 0 0 30392 30060
31 0 0 81956 81678
83 0 0 210558 210460
107 0 0 271658 271148
137 0 0 344948 342378
751 16 11 1491070 1880982
827 16 12 1627010 2079036
3691 38 24 5223138 9152296
4019 40 25 5592828 9977994
6983 62 28 8551860 17354004
